#
# There is insufficient memory for the Java Runtime Environment to continue.
# Native memory allocation (mmap) failed to map 268435456 bytes for Failed to commit area from 0x0000000701a00000 to 0x0000000711a00000 of length 268435456.
# Possible reasons:
#   The system is out of physical RAM or swap space
#   The process is running with CompressedOops enabled, and the Java Heap may be blocking the growth of the native heap
# Possible solutions:
#   Reduce memory load on the system
#   Increase physical memory or swap space
#   Check if swap backing store is full
#   Decrease Java heap size (-Xmx/-Xms)
#   Decrease number of Java threads
#   Decrease Java thread stack sizes (-Xss)
#   Set larger code cache with -XX:ReservedCodeCacheSize=
# This output file may be truncated or incomplete.
#
#  Out of Memory Error (./src/hotspot/os/windows/os_windows.cpp:3303), pid=16932, tid=16480
#
# JRE version:  (11.0.9.1+11) (build )
# Java VM: OpenJDK 64-Bit Server VM (11.0.9.1+11-b1145.77, mixed mode, sharing, tiered, compressed oops, g1 gc, windows-amd64)
# No core dump will be written. Minidumps are not enabled by default on client versions of Windows
#

---------------  S U M M A R Y ------------

Command Line: org.jetbrains.git4idea.http.GitAskPassApp Username for 'https://github.com': 

Host: Intel(R) Core(TM) i5-3210M CPU @ 2.50GHz, 4 cores, 15G,  Windows 8 , 64 bit Build 9200 (6.2.9200.16859)
Time: Tue Mar 16 19:48:16 2021 RTZ 2 (ceia) elapsed time: 0.009782 seconds (0d 0h 0m 0s)

---------------  T H R E A D  ---------------

Current thread (0x0000001d82af0000):  JavaThread "Unknown thread" [_thread_in_vm, id=16480, stack(0x0000001d821a0000,0x0000001d822a0000)]

Stack: [0x0000001d821a0000,0x0000001d822a0000]
Native frames: (J=compiled Java code, j=interpreted, Vv=VM code, C=native code)
V  [jvm.dll+0x5edd9a]
V  [jvm.dll+0x7229c5]
V  [jvm.dll+0x723f1d]
V  [jvm.dll+0x7245d3]
V  [jvm.dll+0x2431b8]
V  [jvm.dll+0x5eb234]
V  [jvm.dll+0x5e0325]
V  [jvm.dll+0x2fe60b]
V  [jvm.dll+0x2fe57a]
V  [jvm.dll+0x2fe452]
V  [jvm.dll+0x303346]
V  [jvm.dll+0x34ba83]
V  [jvm.dll+0x34c186]
V  [jvm.dll+0x34bb83]
V  [jvm.dll+0x2d9218]
V  [jvm.dll+0x2da3c7]
V  [jvm.dll+0x701a67]
V  [jvm.dll+0x70325c]
V  [jvm.dll+0x359049]
V  [jvm.dll+0x6e552e]
V  [jvm.dll+0x3c1353]
V  [jvm.dll+0x3c3571]
C  [jli.dll+0x5373]
C  [ucrtbase.DLL+0x682dd]
C  [KERNEL32.DLL+0x1842]
C  [ntdll.dll+0x3df11]


---------------  P R O C E S S  ---------------

Threads class SMR info:
_java_thread_list=0x0000001d8099cdf0, length=0, elements={
}

Java Threads: ( => current thread )

Other Threads:
  0x0000001d82b07800 GCTaskThread "GC Thread#0" [stack: 0x0000001d82780000,0x0000001d82880000] [id=11352]
  0x0000001d82b62800 ConcurrentGCThread "G1 Main Marker" [stack: 0x0000001d9f0c0000,0x0000001d9f1c0000] [id=17452]
  0x0000001d82b63800 ConcurrentGCThread "G1 Conc#0" [stack: 0x0000001d9f1c0000,0x0000001d9f2c0000] [id=12144]

[error occurred during error reporting (printing all threads), id 0xc0000005, EXCEPTION_ACCESS_VIOLATION (0xc0000005) at pc=0x000007fe26f09807]

VM state:not at safepoint (not fully initialized)

VM Mutex/Monitor currently owned by a thread:  ([mutex/lock_event])
[0x0000001d82aeea40] Heap_lock - owner thread: 0x0000001d82af0000

Heap address: 0x0000000701a00000, size: 4070 MB, Compressed Oops mode: Non-zero based: 0x0000000701a00000
Narrow klass base: 0x0000000000000000, Narrow klass shift: 0

GC Heap History (0 events):
No events

Deoptimization events (0 events):
No events

Classes redefined (0 events):
No events

Internal exceptions (0 events):
No events

Events (1 events):
Event: 0.005 Loaded shared library C:\Program Files\JetBrains\PyCharm Community Edition 2020.3.2\jbr\bin\zip.dll


Dynamic libraries:
0x000007f67b1b0000 - 0x000007f67b1ba000 	C:\Program Files\JetBrains\PyCharm Community Edition 2020.3.2\jbr\bin\java.exe
0x000007fe44400000 - 0x000007fe445bd000 	C:\Windows\SYSTEM32\ntdll.dll
0x000007fe41920000 - 0x000007fe41a57000 	C:\Windows\system32\KERNEL32.DLL
0x000007fe41620000 - 0x000007fe41714000 	C:\Windows\system32\KERNELBASE.dll
0x000007fe37290000 - 0x000007fe372a9000 	C:\Program Files\JetBrains\PyCharm Community Edition 2020.3.2\jbr\bin\jli.dll
0x000007fe371e0000 - 0x000007fe371f7000 	C:\Program Files\JetBrains\PyCharm Community Edition 2020.3.2\jbr\bin\VCRUNTIME140.dll
0x000007fe1f700000 - 0x000007fe1f704000 	C:\Windows\SYSTEM32\api-ms-win-crt-stdio-l1-1-0.dll
0x000007fe1f730000 - 0x000007fe1f734000 	C:\Windows\SYSTEM32\api-ms-win-crt-runtime-l1-1-0.dll
0x000007fe1f680000 - 0x000007fe1f683000 	C:\Windows\SYSTEM32\api-ms-win-crt-environment-l1-1-0.dll
0x000007fe1f6a0000 - 0x000007fe1f6a5000 	C:\Windows\SYSTEM32\api-ms-win-crt-math-l1-1-0.dll
0x000007fe1f6e0000 - 0x000007fe1f6e3000 	C:\Windows\SYSTEM32\api-ms-win-crt-locale-l1-1-0.dll
0x000007fe1f710000 - 0x000007fe1f713000 	C:\Windows\SYSTEM32\api-ms-win-crt-heap-l1-1-0.dll
0x000007fe3dec0000 - 0x000007fe3e12a000 	C:\Windows\WinSxS\amd64_microsoft.windows.common-controls_6595b64144ccf1df_6.0.9200.17359_none_4188b989718cf1c6\COMCTL32.dll
0x000007fe43c50000 - 0x000007fe43d9c000 	C:\Windows\system32\USER32.dll
0x000007fe1f6b0000 - 0x000007fe1f6b3000 	C:\Windows\SYSTEM32\api-ms-win-crt-filesystem-l1-1-0.dll
0x000007fe1f720000 - 0x000007fe1f724000 	C:\Windows\SYSTEM32\api-ms-win-crt-string-l1-1-0.dll
0x000007fe1f6f0000 - 0x000007fe1f6f4000 	C:\Windows\SYSTEM32\api-ms-win-crt-convert-l1-1-0.dll
0x000007fe437c0000 - 0x000007fe43865000 	C:\Windows\system32\msvcrt.dll
0x000007fe43870000 - 0x000007fe439b1000 	C:\Windows\system32\GDI32.dll
0x000007fe1f580000 - 0x000007fe1f672000 	C:\Windows\SYSTEM32\ucrtbase.DLL
0x000007fe44210000 - 0x000007fe44249000 	C:\Windows\system32\IMM32.DLL
0x000007fe440f0000 - 0x000007fe44205000 	C:\Windows\system32\MSCTF.dll
0x000007fe36150000 - 0x000007fe361ed000 	C:\Program Files\JetBrains\PyCharm Community Edition 2020.3.2\jbr\bin\msvcp140.dll
0x000007fe1f690000 - 0x000007fe1f695000 	C:\Windows\SYSTEM32\api-ms-win-crt-multibyte-l1-1-0.dll
0x000007fe1f6c0000 - 0x000007fe1f6c3000 	C:\Windows\SYSTEM32\api-ms-win-crt-time-l1-1-0.dll
0x000007fe1f6d0000 - 0x000007fe1f6d3000 	C:\Windows\SYSTEM32\api-ms-win-crt-utility-l1-1-0.dll
0x000007fe26c20000 - 0x000007fe276ee000 	C:\Program Files\JetBrains\PyCharm Community Edition 2020.3.2\jbr\bin\server\jvm.dll
0x000007fe41bd0000 - 0x000007fe41cae000 	C:\Windows\system32\ADVAPI32.dll
0x000007fe391f0000 - 0x000007fe391f9000 	C:\Windows\SYSTEM32\WSOCK32.dll
0x000007fe3a750000 - 0x000007fe3a770000 	C:\Windows\SYSTEM32\WINMM.dll
0x000007fe3fa90000 - 0x000007fe3fa99000 	C:\Windows\SYSTEM32\VERSION.dll
0x000007fe43da0000 - 0x000007fe43da7000 	C:\Windows\system32\PSAPI.DLL
0x000007fe43c00000 - 0x000007fe43c48000 	C:\Windows\SYSTEM32\sechost.dll
0x000007fe417d0000 - 0x000007fe41915000 	C:\Windows\system32\RPCRT4.dll
0x000007fe42280000 - 0x000007fe422d8000 	C:\Windows\system32\WS2_32.dll
0x000007fe3a700000 - 0x000007fe3a733000 	C:\Windows\SYSTEM32\WINMMBASE.dll
0x000007fe41cc0000 - 0x000007fe41cc9000 	C:\Windows\system32\NSI.dll
0x000007fe41370000 - 0x000007fe413bf000 	C:\Windows\SYSTEM32\cfgmgr32.dll
0x000007fe41340000 - 0x000007fe41362000 	C:\Windows\system32\DEVOBJ.dll
0x000007fe3c600000 - 0x000007fe3c611000 	C:\Program Files\JetBrains\PyCharm Community Edition 2020.3.2\jbr\bin\verify.dll
0x000007fe1ab80000 - 0x000007fe1ace3000 	C:\Windows\SYSTEM32\DBGHELP.DLL
0x000007fe3c570000 - 0x000007fe3c599000 	C:\Program Files\JetBrains\PyCharm Community Edition 2020.3.2\jbr\bin\java.dll
0x000007fe3c560000 - 0x000007fe3c56b000 	C:\Program Files\JetBrains\PyCharm Community Edition 2020.3.2\jbr\bin\jimage.dll
0x000007fe3c540000 - 0x000007fe3c558000 	C:\Program Files\JetBrains\PyCharm Community Edition 2020.3.2\jbr\bin\zip.dll

dbghelp: loaded successfully - version: 4.0.5 - missing functions: none
symbol engine: initialized successfully - sym options: 0x614 - pdb path: .;C:\Program Files\JetBrains\PyCharm Community Edition 2020.3.2\jbr\bin;C:\Windows\SYSTEM32;C:\Windows\WinSxS\amd64_microsoft.windows.common-controls_6595b64144ccf1df_6.0.9200.17359_none_4188b989718cf1c6;C:\Program Files\JetBrains\PyCharm Community Edition 2020.3.2\jbr\bin\server

VM Arguments:
java_command: org.jetbrains.git4idea.http.GitAskPassApp Username for 'https://github.com': 
java_class_path (initial): C:/Program Files/JetBrains/PyCharm Community Edition 2020.3.2/plugins/git4idea/lib/git4idea-rt.jar;C:/Program Files/JetBrains/PyCharm Community Edition 2020.3.2/lib/xmlrpc-2.0.1.jar;C:/Program Files/JetBrains/PyCharm Community Edition 2020.3.2/lib/commons-codec-1.14.jar
Launcher Type: SUN_STANDARD

[Global flags]
     intx CICompilerCount                          = 3                                         {product} {ergonomic}
     uint ConcGCThreads                            = 1                                         {product} {ergonomic}
     uint G1ConcRefinementThreads                  = 4                                         {product} {ergonomic}
   size_t G1HeapRegionSize                         = 1048576                                   {product} {ergonomic}
    uintx GCDrainStackTargetSize                   = 64                                        {product} {ergonomic}
   size_t InitialHeapSize                          = 268435456                                 {product} {ergonomic}
   size_t MarkStackSize                            = 4194304                                   {product} {ergonomic}
   size_t MaxHeapSize                              = 4267704320                                {product} {ergonomic}
   size_t MinHeapDeltaBytes                        = 1048576                                   {product} {ergonomic}
    uintx NonNMethodCodeHeapSize                   = 5830732                                {pd product} {ergonomic}
    uintx NonProfiledCodeHeapSize                  = 122913754                              {pd product} {ergonomic}
    uintx ProfiledCodeHeapSize                     = 122913754                              {pd product} {ergonomic}
    uintx ReservedCodeCacheSize                    = 251658240                              {pd product} {ergonomic}
     bool SegmentedCodeCache                       = true                                      {product} {ergonomic}
     bool UseCompressedClassPointers               = true                                 {lp64_product} {ergonomic}
     bool UseCompressedOops                        = true                                 {lp64_product} {ergonomic}
     bool UseG1GC                                  = true                                      {product} {ergonomic}
     bool UseLargePagesIndividualAllocation        = false                                  {pd product} {ergonomic}

Logging:
Log output configuration:
 #0: stdout all=warning uptime,level,tags
 #1: stderr all=off uptime,level,tags

Environment Variables:
PATH=C:/Program Files/Git/mingw64/libexec/git-core;C:/Program Files/Git/mingw64/libexec/git-core;C:\Program Files\Git\mingw64\bin;C:\Program Files\Git\usr\bin;C:\Users\aik\bin;C:\Program Files (x86)\HP SimplePass\;C:\Program Files (x86)\Intel\iCLS Client\;C:\Program Files\Intel\iCLS Client\;C:\Windows\system32;C:\Windows;C:\Windows\System32\Wbem;C:\Windows\System32\WindowsPowerShell\v1.0\;C:\Program Files (x86)\Windows Live\Shared;C:\Program Files\Intel\Intel(R) Management Engine Components\DAL;C:\Program Files\Intel\Intel(R) Management Engine Components\IPT;C:\Program Files (x86)\Intel\Intel(R) Management Engine Components\DAL;C:\Program Files (x86)\Intel\Intel(R) Management Engine Components\IPT;C:\Program Files (x86)\Intel\OpenCL SDK\2.0\bin\x86;C:\Program Files (x86)\Intel\OpenCL SDK\2.0\bin\x64;C:\Program Files\Intel\WiFi\bin\;C:\Program Files\Common Files\Intel\WirelessCommon\;C:\Users\aik\yandex-cloud\bin
USERNAME=aik
DISPLAY=:0.0
LC_ALL=en_US.UTF-8
OS=Windows_NT
PROCESSOR_IDENTIFIER=Intel64 Family 6 Model 58 Stepping 9, GenuineIntel



---------------  S Y S T E M  ---------------

OS: Windows 8 , 64 bit Build 9200 (6.2.9200.16859)
OS uptime: 15 days 22:53 hours

CPU:total 4 (initial active 4) (2 cores per cpu, 2 threads per core) family 6 model 58 stepping 9, cmov, cx8, fxsr, mmx, sse, sse2, sse3, ssse3, sse4.1, sse4.2, popcnt, avx, aes, clmul, erms, ht, tsc, tscinvbit, tscinv

Memory: 4k page, system-wide physical 16273M (1008M free)
TotalPageFile size 16273M (AvailPageFile size 39M)
current process WorkingSet (physical memory assigned to process): 9M, peak: 9M
current process commit charge ("private bytes"): 60M, peak: 316M

vm_info: OpenJDK 64-Bit Server VM (11.0.9.1+11-b1145.77) for windows-amd64 JRE (11.0.9.1+11-b1145.77), built on Jan 16 2021 05:14:13 by "" with MS VC++ 14.0 (VS2015)

END.
